{"name": "test_login_success", "status": "failed", "statusDetails": {"message": "AssertionError: assert ('Dashboard' in '<html class=\"fixed js flexbox flexboxlegacy no-touch csstransforms csstransforms3d no-overflowscrolling webkit chrome...js\"></script><a class=\"scroll-to-top hidden-mobile\" href=\"#\"><i class=\"fas fa-chevron-up\"></i></a>\\n\\n\\n</body></html>' or 'Çıkış Yap' in '<html class=\"fixed js flexbox flexboxlegacy no-touch csstransforms csstransforms3d no-overflowscrolling webkit chrome...js\"></script><a class=\"scroll-to-top hidden-mobile\" href=\"#\"><i class=\"fas fa-chevron-up\"></i></a>\\n\\n\\n</body></html>')\n +  where '<html class=\"fixed js flexbox flexboxlegacy no-touch csstransforms csstransforms3d no-overflowscrolling webkit chrome...js\"></script><a class=\"scroll-to-top hidden-mobile\" href=\"#\"><i class=\"fas fa-chevron-up\"></i></a>\\n\\n\\n</body></html>' = <selenium.webdriver.chrome.webdriver.WebDriver (session=\"28db73e290b27ebf1be4e5edc4cc7220\")>.page_source\n +  and   '<html class=\"fixed js flexbox flexboxlegacy no-touch csstransforms csstransforms3d no-overflowscrolling webkit chrome...js\"></script><a class=\"scroll-to-top hidden-mobile\" href=\"#\"><i class=\"fas fa-chevron-up\"></i></a>\\n\\n\\n</body></html>' = <selenium.webdriver.chrome.webdriver.WebDriver (session=\"28db73e290b27ebf1be4e5edc4cc7220\")>.page_source", "trace": "driver = <selenium.webdriver.chrome.webdriver.WebDriver (session=\"28db73e290b27ebf1be4e5edc4cc7220\")>\nbase_url = 'https://hrai.com.tr'\n\n    @allure.feature(\"Login\")\n    @allure.story(\"Successful Login\")\n    @allure.severity(allure.severity_level.CRITICAL)\n    def test_login_success(driver, base_url):\n        driver.get(f\"{base_url}/Login/Index/\")\n        driver.find_element(By.ID, \"Username\").send_keys(os.getenv(\"USERNAME\"))\n        driver.find_element(By.ID, \"passwordField\").send_keys(os.getenv(\"PASSWORD\"))\n        driver.find_element(By.CSS_SELECTOR, \"button[type='submit']\").click()\n    \n        with allure.step(\"Başarılı giriş kontrolü\"):\n>           assert \"Dashboard\" in driver.page_source or \"Çıkış Yap\" in driver.page_source\nE           assert ('Dashboard' in '<html class=\"fixed js flexbox flexboxlegacy no-touch csstransforms csstransforms3d no-overflowscrolling webkit chrome...js\"></script><a class=\"scroll-to-top hidden-mobile\" href=\"#\"><i class=\"fas fa-chevron-up\"></i></a>\\n\\n\\n</body></html>' or 'Çıkış Yap' in '<html class=\"fixed js flexbox flexboxlegacy no-touch csstransforms csstransforms3d no-overflowscrolling webkit chrome...js\"></script><a class=\"scroll-to-top hidden-mobile\" href=\"#\"><i class=\"fas fa-chevron-up\"></i></a>\\n\\n\\n</body></html>')\nE            +  where '<html class=\"fixed js flexbox flexboxlegacy no-touch csstransforms csstransforms3d no-overflowscrolling webkit chrome...js\"></script><a class=\"scroll-to-top hidden-mobile\" href=\"#\"><i class=\"fas fa-chevron-up\"></i></a>\\n\\n\\n</body></html>' = <selenium.webdriver.chrome.webdriver.WebDriver (session=\"28db73e290b27ebf1be4e5edc4cc7220\")>.page_source\nE            +  and   '<html class=\"fixed js flexbox flexboxlegacy no-touch csstransforms csstransforms3d no-overflowscrolling webkit chrome...js\"></script><a class=\"scroll-to-top hidden-mobile\" href=\"#\"><i class=\"fas fa-chevron-up\"></i></a>\\n\\n\\n</body></html>' = <selenium.webdriver.chrome.webdriver.WebDriver (session=\"28db73e290b27ebf1be4e5edc4cc7220\")>.page_source\n\ntests/test_login_page.py:19: AssertionError"}, "steps": [{"name": "Başarılı giriş kontrolü", "status": "failed", "statusDetails": {"message": "AssertionError: assert ('Dashboard' in '<html class=\"fixed js flexbox flexboxlegacy no-touch csstransforms csstransforms3d no-overflowscrolling webkit chrome...js\"></script><a class=\"scroll-to-top hidden-mobile\" href=\"#\"><i class=\"fas fa-chevron-up\"></i></a>\\n\\n\\n</body></html>' or 'Çıkış Yap' in '<html class=\"fixed js flexbox flexboxlegacy no-touch csstransforms csstransforms3d no-overflowscrolling webkit chrome...js\"></script><a class=\"scroll-to-top hidden-mobile\" href=\"#\"><i class=\"fas fa-chevron-up\"></i></a>\\n\\n\\n</body></html>')\n +  where '<html class=\"fixed js flexbox flexboxlegacy no-touch csstransforms csstransforms3d no-overflowscrolling webkit chrome...js\"></script><a class=\"scroll-to-top hidden-mobile\" href=\"#\"><i class=\"fas fa-chevron-up\"></i></a>\\n\\n\\n</body></html>' = <selenium.webdriver.chrome.webdriver.WebDriver (session=\"28db73e290b27ebf1be4e5edc4cc7220\")>.page_source\n +  and   '<html class=\"fixed js flexbox flexboxlegacy no-touch csstransforms csstransforms3d no-overflowscrolling webkit chrome...js\"></script><a class=\"scroll-to-top hidden-mobile\" href=\"#\"><i class=\"fas fa-chevron-up\"></i></a>\\n\\n\\n</body></html>' = <selenium.webdriver.chrome.webdriver.WebDriver (session=\"28db73e290b27ebf1be4e5edc4cc7220\")>.page_source\n", "trace": "  File \"/Users/gulcandogan/selenium-hrai/tests/test_login_page.py\", line 19, in test_login_success\n    assert \"Dashboard\" in driver.page_source or \"Çıkış Yap\" in driver.page_source\n"}, "start": 1758452044048, "stop": 1758452044054}], "attachments": [{"name": "Screenshot", "source": "25652ae4-eac4-471a-9d01-dc0f6fb339f2-attachment.png", "type": "image/png"}], "start": 1758452043295, "stop": 1758452044055, "uuid": "30664e12-297e-4cb3-a51a-0b28fb13615b", "historyId": "bde57f0f004b3555f1fcaace3860febd", "testCaseId": "bde57f0f004b3555f1fcaace3860febd", "fullName": "tests.test_login_page#test_login_success", "labels": [{"name": "severity", "value": "critical"}, {"name": "story", "value": "Successful Login"}, {"name": "feature", "value": "Login"}, {"name": "parentSuite", "value": "tests"}, {"name": "suite", "value": "test_login_page"}, {"name": "host", "value": "Gulcan-MacBook-Air.local"}, {"name": "thread", "value": "67171-MainThread"}, {"name": "framework", "value": "pytest"}, {"name": "language", "value": "cpython3"}, {"name": "package", "value": "tests.test_login_page"}], "titlePath": ["tests", "test_login_page.py"]}