{"name": "test_login_invalid", "status": "failed", "statusDetails": {"message": "AssertionError: assert ('Invalid' in '<html class=\"fixed js flexbox flexboxlegacy no-touch csstransforms csstransforms3d no-overflowscrolling webkit chrome...js\"></script><a class=\"scroll-to-top hidden-mobile\" href=\"#\"><i class=\"fas fa-chevron-up\"></i></a>\\n\\n\\n</body></html>' or 'hatalı' in '<html class=\"fixed js flexbox flexboxlegacy no-touch csstransforms csstransforms3d no-overflowscrolling webkit chrome...js\"></script><a class=\"scroll-to-top hidden-mobile\" href=\"#\"><i class=\"fas fa-chevron-up\"></i></a>\\n\\n\\n</body></html>')\n +  where '<html class=\"fixed js flexbox flexboxlegacy no-touch csstransforms csstransforms3d no-overflowscrolling webkit chrome...js\"></script><a class=\"scroll-to-top hidden-mobile\" href=\"#\"><i class=\"fas fa-chevron-up\"></i></a>\\n\\n\\n</body></html>' = <selenium.webdriver.chrome.webdriver.WebDriver (session=\"050a43407ace50073eca3b2174849511\")>.page_source\n +  and   '<html class=\"fixed js flexbox flexboxlegacy no-touch csstransforms csstransforms3d no-overflowscrolling webkit chrome...js\"></script><a class=\"scroll-to-top hidden-mobile\" href=\"#\"><i class=\"fas fa-chevron-up\"></i></a>\\n\\n\\n</body></html>' = <built-in method lower of str object at 0x13c93d200>()\n +    where <built-in method lower of str object at 0x13c93d200> = '<html class=\"fixed js flexbox flexboxlegacy no-touch csstransforms csstransforms3d no-overflowscrolling webkit chrome...js\"></script><a class=\"scroll-to-top hidden-mobile\" href=\"#\"><i class=\"fas fa-chevron-up\"></i></a>\\n\\n\\n</body></html>'.lower\n +      where '<html class=\"fixed js flexbox flexboxlegacy no-touch csstransforms csstransforms3d no-overflowscrolling webkit chrome...js\"></script><a class=\"scroll-to-top hidden-mobile\" href=\"#\"><i class=\"fas fa-chevron-up\"></i></a>\\n\\n\\n</body></html>' = <selenium.webdriver.chrome.webdriver.WebDriver (session=\"050a43407ace50073eca3b2174849511\")>.page_source", "trace": "driver = <selenium.webdriver.chrome.webdriver.WebDriver (session=\"050a43407ace50073eca3b2174849511\")>\nbase_url = 'https://hrai.com.tr'\n\n    @allure.feature(\"Login\")\n    @allure.story(\"Invalid Credentials\")\n    @allure.severity(allure.severity_level.NORMAL)\n    def test_login_invalid(driver, base_url):\n        driver.get(f\"{base_url}/Login/Index/\")\n        driver.find_element(By.ID, \"Username\").send_keys(\"wronguser\")\n        driver.find_element(By.ID, \"passwordField\").send_keys(\"wrongpass\")\n        driver.find_element(By.CSS_SELECTOR, \"button[type='submit']\").click()\n    \n        with allure.step(\"Geçersiz giriş mesajı kontrolü\"):\n>           assert \"Invalid\" in driver.page_source or \"hatalı\" in driver.page_source.lower()\nE           assert ('Invalid' in '<html class=\"fixed js flexbox flexboxlegacy no-touch csstransforms csstransforms3d no-overflowscrolling webkit chrome...js\"></script><a class=\"scroll-to-top hidden-mobile\" href=\"#\"><i class=\"fas fa-chevron-up\"></i></a>\\n\\n\\n</body></html>' or 'hatalı' in '<html class=\"fixed js flexbox flexboxlegacy no-touch csstransforms csstransforms3d no-overflowscrolling webkit chrome...js\"></script><a class=\"scroll-to-top hidden-mobile\" href=\"#\"><i class=\"fas fa-chevron-up\"></i></a>\\n\\n\\n</body></html>')\nE            +  where '<html class=\"fixed js flexbox flexboxlegacy no-touch csstransforms csstransforms3d no-overflowscrolling webkit chrome...js\"></script><a class=\"scroll-to-top hidden-mobile\" href=\"#\"><i class=\"fas fa-chevron-up\"></i></a>\\n\\n\\n</body></html>' = <selenium.webdriver.chrome.webdriver.WebDriver (session=\"050a43407ace50073eca3b2174849511\")>.page_source\nE            +  and   '<html class=\"fixed js flexbox flexboxlegacy no-touch csstransforms csstransforms3d no-overflowscrolling webkit chrome...js\"></script><a class=\"scroll-to-top hidden-mobile\" href=\"#\"><i class=\"fas fa-chevron-up\"></i></a>\\n\\n\\n</body></html>' = <built-in method lower of str object at 0x13c93d200>()\nE            +    where <built-in method lower of str object at 0x13c93d200> = '<html class=\"fixed js flexbox flexboxlegacy no-touch csstransforms csstransforms3d no-overflowscrolling webkit chrome...js\"></script><a class=\"scroll-to-top hidden-mobile\" href=\"#\"><i class=\"fas fa-chevron-up\"></i></a>\\n\\n\\n</body></html>'.lower\nE            +      where '<html class=\"fixed js flexbox flexboxlegacy no-touch csstransforms csstransforms3d no-overflowscrolling webkit chrome...js\"></script><a class=\"scroll-to-top hidden-mobile\" href=\"#\"><i class=\"fas fa-chevron-up\"></i></a>\\n\\n\\n</body></html>' = <selenium.webdriver.chrome.webdriver.WebDriver (session=\"050a43407ace50073eca3b2174849511\")>.page_source\n\ntests/test_login_page.py:32: AssertionError"}, "steps": [{"name": "Geçersiz giriş mesajı kontrolü", "status": "failed", "statusDetails": {"message": "AssertionError: assert ('Invalid' in '<html class=\"fixed js flexbox flexboxlegacy no-touch csstransforms csstransforms3d no-overflowscrolling webkit chrome...js\"></script><a class=\"scroll-to-top hidden-mobile\" href=\"#\"><i class=\"fas fa-chevron-up\"></i></a>\\n\\n\\n</body></html>' or 'hatalı' in '<html class=\"fixed js flexbox flexboxlegacy no-touch csstransforms csstransforms3d no-overflowscrolling webkit chrome...js\"></script><a class=\"scroll-to-top hidden-mobile\" href=\"#\"><i class=\"fas fa-chevron-up\"></i></a>\\n\\n\\n</body></html>')\n +  where '<html class=\"fixed js flexbox flexboxlegacy no-touch csstransforms csstransforms3d no-overflowscrolling webkit chrome...js\"></script><a class=\"scroll-to-top hidden-mobile\" href=\"#\"><i class=\"fas fa-chevron-up\"></i></a>\\n\\n\\n</body></html>' = <selenium.webdriver.chrome.webdriver.WebDriver (session=\"050a43407ace50073eca3b2174849511\")>.page_source\n +  and   '<html class=\"fixed js flexbox flexboxlegacy no-touch csstransforms csstransforms3d no-overflowscrolling webkit chrome...js\"></script><a class=\"scroll-to-top hidden-mobile\" href=\"#\"><i class=\"fas fa-chevron-up\"></i></a>\\n\\n\\n</body></html>' = <built-in method lower of str object at 0x13c93d200>()\n +    where <built-in method lower of str object at 0x13c93d200> = '<html class=\"fixed js flexbox flexboxlegacy no-touch csstransforms csstransforms3d no-overflowscrolling webkit chrome...js\"></script><a class=\"scroll-to-top hidden-mobile\" href=\"#\"><i class=\"fas fa-chevron-up\"></i></a>\\n\\n\\n</body></html>'.lower\n +      where '<html class=\"fixed js flexbox flexboxlegacy no-touch csstransforms csstransforms3d no-overflowscrolling webkit chrome...js\"></script><a class=\"scroll-to-top hidden-mobile\" href=\"#\"><i class=\"fas fa-chevron-up\"></i></a>\\n\\n\\n</body></html>' = <selenium.webdriver.chrome.webdriver.WebDriver (session=\"050a43407ace50073eca3b2174849511\")>.page_source\n", "trace": "  File \"/Users/gulcandogan/selenium-hrai/tests/test_login_page.py\", line 32, in test_login_invalid\n    assert \"Invalid\" in driver.page_source or \"hatalı\" in driver.page_source.lower()\n"}, "start": 1758452188465, "stop": 1758452188607}], "attachments": [{"name": "Screenshot", "source": "63ac581d-da8e-4e63-9913-42ea3d94007a-attachment.png", "type": "image/png"}], "start": 1758452187710, "stop": 1758452188608, "uuid": "78f96475-e80b-4921-b345-ba64f92a3c1c", "historyId": "7b5e2451a6f8083633f99e5a148d9699", "testCaseId": "7b5e2451a6f8083633f99e5a148d9699", "fullName": "tests.test_login_page#test_login_invalid", "labels": [{"name": "severity", "value": "normal"}, {"name": "story", "value": "Invalid Credentials"}, {"name": "feature", "value": "Login"}, {"name": "parentSuite", "value": "tests"}, {"name": "suite", "value": "test_login_page"}, {"name": "host", "value": "Gulcan-MacBook-Air.local"}, {"name": "thread", "value": "68148-MainThread"}, {"name": "framework", "value": "pytest"}, {"name": "language", "value": "cpython3"}, {"name": "package", "value": "tests.test_login_page"}], "titlePath": ["tests", "test_login_page.py"]}