{"name": "test_contact_form_invalid_email", "status": "broken", "statusDetails": {"message": "selenium.common.exceptions.NoSuchElementException: Message: no such element: Unable to locate element: {\"method\":\"css selector\",\"selector\":\"[id=\"Name\"]\"}\n  (Session info: chrome=140.0.7339.186); For documentation on this error, please visit: https://www.selenium.dev/documentation/webdriver/troubleshooting/errors#nosuchelementexception\nStacktrace:\n0   chromedriver                        0x000000010082b418 cxxbridge1$str$ptr + 2882044\n1   chromedriver                        0x00000001008233b4 cxxbridge1$str$ptr + 2849176\n2   chromedriver                        0x000000010034d050 _RNvCslE4myv9Sbr3_7___rustc35___rust_no_alloc_shim_is_unstable_v2 + 73436\n3   chromedriver                        0x0000000100394410 _RNvCslE4myv9Sbr3_7___rustc35___rust_no_alloc_shim_is_unstable_v2 + 365212\n4   chromedriver                        0x00000001003d5604 _RNvCslE4myv9Sbr3_7___rustc35___rust_no_alloc_shim_is_unstable_v2 + 631952\n5   chromedriver                        0x00000001003880d0 _RNvCslE4myv9Sbr3_7___rustc35___rust_no_alloc_shim_is_unstable_v2 + 315228\n6   chromedriver                        0x00000001007efb08 cxxbridge1$str$ptr + 2638060\n7   chromedriver                        0x00000001007f2d20 cxxbridge1$str$ptr + 2650884\n8   chromedriver                        0x00000001007d0e58 cxxbridge1$str$ptr + 2511932\n9   chromedriver                        0x00000001007f35cc cxxbridge1$str$ptr + 2653104\n10  chromedriver                        0x00000001007c259c cxxbridge1$str$ptr + 2452352\n11  chromedriver                        0x00000001008129f0 cxxbridge1$str$ptr + 2781140\n12  chromedriver                        0x0000000100812b70 cxxbridge1$str$ptr + 2781524\n13  chromedriver                        0x0000000100823000 cxxbridge1$str$ptr + 2848228\n14  libsystem_pthread.dylib             0x0000000187077bc8 _pthread_start + 136\n15  libsystem_pthread.dylib             0x0000000187072b80 thread_start + 8", "trace": "driver = <selenium.webdriver.chrome.webdriver.WebDriver (session=\"898f7a5b27f100b2f10c7e6cf320ef34\")>\nbase_url = 'https://hrai.com.tr'\n\n    @allure.feature(\"Contact Form\")\n    @allure.story(\"Invalid Email\")\n    @allure.severity(allure.severity_level.NORMAL)\n    def test_contact_form_invalid_email(driver, base_url):\n        driver.get(f\"{base_url}/Contact/Index/\")\n>       driver.find_element(By.ID, \"Name\").send_keys(\"Test User\")\n        ^^^^^^^^^^^^^^^^^^^^^^^^^^^^^^^^^^\n\ntests/test_contact_page.py:24: \n_ _ _ _ _ _ _ _ _ _ _ _ _ _ _ _ _ _ _ _ _ _ _ _ _ _ _ _ _ _ _ _ _ _ _ _ _ _ _ _ \nvenv/lib/python3.13/site-packages/selenium/webdriver/remote/webdriver.py:926: in find_element\n    return self.execute(Command.FIND_ELEMENT, {\"using\": by, \"value\": value})[\"value\"]\n           ^^^^^^^^^^^^^^^^^^^^^^^^^^^^^^^^^^^^^^^^^^^^^^^^^^^^^^^^^^^^^^^^^\nvenv/lib/python3.13/site-packages/selenium/webdriver/remote/webdriver.py:458: in execute\n    self.error_handler.check_response(response)\n_ _ _ _ _ _ _ _ _ _ _ _ _ _ _ _ _ _ _ _ _ _ _ _ _ _ _ _ _ _ _ _ _ _ _ _ _ _ _ _ \n\nself = <selenium.webdriver.remote.errorhandler.ErrorHandler object at 0x1073dfed0>\nresponse = {'status': 404, 'value': '{\"value\":{\"error\":\"no such element\",\"message\":\"no such element: Unable to locate element: {\\...000187077bc8 _pthread_start + 136\\\\n15  libsystem_pthread.dylib             0x0000000187072b80 thread_start + 8\\\\n\"}}'}\n\n    def check_response(self, response: dict[str, Any]) -> None:\n        \"\"\"Checks that a JSON response from the WebDriver does not have an\n        error.\n    \n        :Args:\n         - response - The JSON response from the WebDriver server as a dictionary\n           object.\n    \n        :Raises: If the response contains an error message.\n        \"\"\"\n        status = response.get(\"status\", None)\n        if not status or status == ErrorCode.SUCCESS:\n            return\n        value = None\n        message = response.get(\"message\", \"\")\n        screen: str = response.get(\"screen\", \"\")\n        stacktrace = None\n        if isinstance(status, int):\n            value_json = response.get(\"value\", None)\n            if value_json and isinstance(value_json, str):\n                try:\n                    value = json.loads(value_json)\n                    if isinstance(value, dict):\n                        if len(value) == 1:\n                            value = value[\"value\"]\n                        status = value.get(\"error\", None)\n                        if not status:\n                            status = value.get(\"status\", ErrorCode.UNKNOWN_ERROR)\n                            message = value.get(\"value\") or value.get(\"message\")\n                            if not isinstance(message, str):\n                                value = message\n                                message = message.get(\"message\")\n                        else:\n                            message = value.get(\"message\", None)\n                except ValueError:\n                    pass\n    \n        exception_class: type[WebDriverException]\n        e = ErrorCode()\n        error_codes = [item for item in dir(e) if not item.startswith(\"__\")]\n        for error_code in error_codes:\n            error_info = getattr(ErrorCode, error_code)\n            if isinstance(error_info, list) and status in error_info:\n                exception_class = getattr(ExceptionMapping, error_code, WebDriverException)\n                break\n        else:\n            exception_class = WebDriverException\n    \n        if not value:\n            value = response[\"value\"]\n        if isinstance(value, str):\n            raise exception_class(value)\n        if message == \"\" and \"message\" in value:\n            message = value[\"message\"]\n    \n        screen = None  # type: ignore[assignment]\n        if \"screen\" in value:\n            screen = value[\"screen\"]\n    \n        stacktrace = None\n        st_value = value.get(\"stackTrace\") or value.get(\"stacktrace\")\n        if st_value:\n            if isinstance(st_value, str):\n                stacktrace = st_value.split(\"\\n\")\n            else:\n                stacktrace = []\n                try:\n                    for frame in st_value:\n                        line = frame.get(\"lineNumber\", \"\")\n                        file = frame.get(\"fileName\", \"<anonymous>\")\n                        if line:\n                            file = f\"{file}:{line}\"\n                        meth = frame.get(\"methodName\", \"<anonymous>\")\n                        if \"className\" in frame:\n                            meth = f\"{frame['className']}.{meth}\"\n                        msg = \"    at %s (%s)\"\n                        msg = msg % (meth, file)\n                        stacktrace.append(msg)\n                except TypeError:\n                    pass\n        if exception_class == UnexpectedAlertPresentException:\n            alert_text = None\n            if \"data\" in value:\n                alert_text = value[\"data\"].get(\"text\")\n            elif \"alert\" in value:\n                alert_text = value[\"alert\"].get(\"text\")\n            raise exception_class(message, screen, stacktrace, alert_text)  # type: ignore[call-arg]  # mypy is not smart enough here\n>       raise exception_class(message, screen, stacktrace)\nE       selenium.common.exceptions.NoSuchElementException: Message: no such element: Unable to locate element: {\"method\":\"css selector\",\"selector\":\"[id=\"Name\"]\"}\nE         (Session info: chrome=140.0.7339.186); For documentation on this error, please visit: https://www.selenium.dev/documentation/webdriver/troubleshooting/errors#nosuchelementexception\nE       Stacktrace:\nE       0   chromedriver                        0x000000010082b418 cxxbridge1$str$ptr + 2882044\nE       1   chromedriver                        0x00000001008233b4 cxxbridge1$str$ptr + 2849176\nE       2   chromedriver                        0x000000010034d050 _RNvCslE4myv9Sbr3_7___rustc35___rust_no_alloc_shim_is_unstable_v2 + 73436\nE       3   chromedriver                        0x0000000100394410 _RNvCslE4myv9Sbr3_7___rustc35___rust_no_alloc_shim_is_unstable_v2 + 365212\nE       4   chromedriver                        0x00000001003d5604 _RNvCslE4myv9Sbr3_7___rustc35___rust_no_alloc_shim_is_unstable_v2 + 631952\nE       5   chromedriver                        0x00000001003880d0 _RNvCslE4myv9Sbr3_7___rustc35___rust_no_alloc_shim_is_unstable_v2 + 315228\nE       6   chromedriver                        0x00000001007efb08 cxxbridge1$str$ptr + 2638060\nE       7   chromedriver                        0x00000001007f2d20 cxxbridge1$str$ptr + 2650884\nE       8   chromedriver                        0x00000001007d0e58 cxxbridge1$str$ptr + 2511932\nE       9   chromedriver                        0x00000001007f35cc cxxbridge1$str$ptr + 2653104\nE       10  chromedriver                        0x00000001007c259c cxxbridge1$str$ptr + 2452352\nE       11  chromedriver                        0x00000001008129f0 cxxbridge1$str$ptr + 2781140\nE       12  chromedriver                        0x0000000100812b70 cxxbridge1$str$ptr + 2781524\nE       13  chromedriver                        0x0000000100823000 cxxbridge1$str$ptr + 2848228\nE       14  libsystem_pthread.dylib             0x0000000187077bc8 _pthread_start + 136\nE       15  libsystem_pthread.dylib             0x0000000187072b80 thread_start + 8\n\nvenv/lib/python3.13/site-packages/selenium/webdriver/remote/errorhandler.py:232: NoSuchElementException"}, "attachments": [{"name": "Screenshot", "source": "ecb69d5b-213a-4f9d-9feb-294b6a861928-attachment.png", "type": "image/png"}], "start": 1758452148414, "stop": 1758452152729, "uuid": "2f8f37dd-9093-4d80-acb9-1ba5e0303c67", "historyId": "6a39ce73d4d4cc6f3cfb66a573444f43", "testCaseId": "6a39ce73d4d4cc6f3cfb66a573444f43", "fullName": "tests.test_contact_page#test_contact_form_invalid_email", "labels": [{"name": "feature", "value": "Contact Form"}, {"name": "severity", "value": "normal"}, {"name": "story", "value": "Invalid Email"}, {"name": "parentSuite", "value": "tests"}, {"name": "suite", "value": "test_contact_page"}, {"name": "host", "value": "Gulcan-MacBook-Air.local"}, {"name": "thread", "value": "68148-MainThread"}, {"name": "framework", "value": "pytest"}, {"name": "language", "value": "cpython3"}, {"name": "package", "value": "tests.test_contact_page"}], "titlePath": ["tests", "test_contact_page.py"]}