{"name": "test_logout", "status": "broken", "statusDetails": {"message": "selenium.common.exceptions.TimeoutException: Message: \nStacktrace:\n0   chromedriver                        0x0000000105503418 cxxbridge1$str$ptr + 2882044\n1   chromedriver                        0x00000001054fb3b4 cxxbridge1$str$ptr + 2849176\n2   chromedriver                        0x0000000105025050 _RNvCslE4myv9Sbr3_7___rustc35___rust_no_alloc_shim_is_unstable_v2 + 73436\n3   chromedriver                        0x000000010506c410 _RNvCslE4myv9Sbr3_7___rustc35___rust_no_alloc_shim_is_unstable_v2 + 365212\n4   chromedriver                        0x00000001050ad604 _RNvCslE4myv9Sbr3_7___rustc35___rust_no_alloc_shim_is_unstable_v2 + 631952\n5   chromedriver                        0x00000001050600d0 _RNvCslE4myv9Sbr3_7___rustc35___rust_no_alloc_shim_is_unstable_v2 + 315228\n6   chromedriver                        0x00000001054c7b08 cxxbridge1$str$ptr + 2638060\n7   chromedriver                        0x00000001054cad20 cxxbridge1$str$ptr + 2650884\n8   chromedriver                        0x00000001054a8e58 cxxbridge1$str$ptr + 2511932\n9   chromedriver                        0x00000001054cb5cc cxxbridge1$str$ptr + 2653104\n10  chromedriver                        0x000000010549a59c cxxbridge1$str$ptr + 2452352\n11  chromedriver                        0x00000001054ea9f0 cxxbridge1$str$ptr + 2781140\n12  chromedriver                        0x00000001054eab70 cxxbridge1$str$ptr + 2781524\n13  chromedriver                        0x00000001054fb000 cxxbridge1$str$ptr + 2848228\n14  libsystem_pthread.dylib             0x0000000187077bc8 _pthread_start + 136\n15  libsystem_pthread.dylib             0x0000000187072b80 thread_start + 8", "trace": "driver = <selenium.webdriver.chrome.webdriver.WebDriver (session=\"b89f6d6e35b3d737fa1c22b3dc6fff49\")>\nbase_url = 'https://hrai.com.tr'\n\n    @allure.feature(\"Login\")\n    @allure.story(\"Logout\")\n    @allure.severity(allure.severity_level.NORMAL)\n    def test_logout(driver, base_url):\n        driver.get(f\"{base_url}/Login/Index/\")\n        driver.find_element(By.ID, \"Username\").send_keys(os.getenv(\"USERNAME\"))\n        driver.find_element(By.ID, \"passwordField\").send_keys(os.getenv(\"PASSWORD\"))\n        driver.find_element(By.CSS_SELECTOR, \"button[type='submit']\").click()\n    \n        with allure.step(\"Profil menüsünü aç\"):\n>           profile_menu = WebDriverWait(driver, 5).until(\n                EC.element_to_be_clickable((By.CSS_SELECTOR, \".dropdown-toggle\"))\n            )\n\ntests/test_login_page.py:47: \n_ _ _ _ _ _ _ _ _ _ _ _ _ _ _ _ _ _ _ _ _ _ _ _ _ _ _ _ _ _ _ _ _ _ _ _ _ _ _ _ \n\nself = <selenium.webdriver.support.wait.WebDriverWait (session=\"b89f6d6e35b3d737fa1c22b3dc6fff49\")>\nmethod = <function element_to_be_clickable.<locals>._predicate at 0x1056b5260>\nmessage = ''\n\n    def until(self, method: Callable[[D], Union[Literal[False], T]], message: str = \"\") -> T:\n        \"\"\"Wait until the method returns a value that is not False.\n    \n        Calls the method provided with the driver as an argument until the\n        return value does not evaluate to ``False``.\n    \n        Parameters:\n        -----------\n        method: callable(WebDriver)\n            - A callable object that takes a WebDriver instance as an argument.\n    \n        message: str\n            - Optional message for :exc:`TimeoutException`\n    \n        Return:\n        -------\n        object: T\n            - The result of the last call to `method`\n    \n        Raises:\n        -------\n        TimeoutException\n            - If 'method' does not return a truthy value within the WebDriverWait\n            object's timeout\n    \n        Example:\n        --------\n        >>> from selenium.webdriver.common.by import By\n        >>> from selenium.webdriver.support.ui import WebDriverWait\n        >>> from selenium.webdriver.support import expected_conditions as EC\n    \n        # Wait until an element is visible on the page\n        >>> wait = WebDriverWait(driver, 10)\n        >>> element = wait.until(EC.visibility_of_element_located((By.ID, \"exampleId\")))\n        >>> print(element.text)\n        \"\"\"\n        screen = None\n        stacktrace = None\n    \n        end_time = time.monotonic() + self._timeout\n        while True:\n            try:\n                value = method(self._driver)\n                if value:\n                    return value\n            except self._ignored_exceptions as exc:\n                screen = getattr(exc, \"screen\", None)\n                stacktrace = getattr(exc, \"stacktrace\", None)\n            if time.monotonic() > end_time:\n                break\n            time.sleep(self._poll)\n>       raise TimeoutException(message, screen, stacktrace)\nE       selenium.common.exceptions.TimeoutException: Message: \nE       Stacktrace:\nE       0   chromedriver                        0x0000000105503418 cxxbridge1$str$ptr + 2882044\nE       1   chromedriver                        0x00000001054fb3b4 cxxbridge1$str$ptr + 2849176\nE       2   chromedriver                        0x0000000105025050 _RNvCslE4myv9Sbr3_7___rustc35___rust_no_alloc_shim_is_unstable_v2 + 73436\nE       3   chromedriver                        0x000000010506c410 _RNvCslE4myv9Sbr3_7___rustc35___rust_no_alloc_shim_is_unstable_v2 + 365212\nE       4   chromedriver                        0x00000001050ad604 _RNvCslE4myv9Sbr3_7___rustc35___rust_no_alloc_shim_is_unstable_v2 + 631952\nE       5   chromedriver                        0x00000001050600d0 _RNvCslE4myv9Sbr3_7___rustc35___rust_no_alloc_shim_is_unstable_v2 + 315228\nE       6   chromedriver                        0x00000001054c7b08 cxxbridge1$str$ptr + 2638060\nE       7   chromedriver                        0x00000001054cad20 cxxbridge1$str$ptr + 2650884\nE       8   chromedriver                        0x00000001054a8e58 cxxbridge1$str$ptr + 2511932\nE       9   chromedriver                        0x00000001054cb5cc cxxbridge1$str$ptr + 2653104\nE       10  chromedriver                        0x000000010549a59c cxxbridge1$str$ptr + 2452352\nE       11  chromedriver                        0x00000001054ea9f0 cxxbridge1$str$ptr + 2781140\nE       12  chromedriver                        0x00000001054eab70 cxxbridge1$str$ptr + 2781524\nE       13  chromedriver                        0x00000001054fb000 cxxbridge1$str$ptr + 2848228\nE       14  libsystem_pthread.dylib             0x0000000187077bc8 _pthread_start + 136\nE       15  libsystem_pthread.dylib             0x0000000187072b80 thread_start + 8\n\nvenv/lib/python3.13/site-packages/selenium/webdriver/support/wait.py:138: TimeoutException"}, "steps": [{"name": "Profil menüsünü aç", "status": "broken", "statusDetails": {"message": "selenium.common.exceptions.TimeoutException: Message: \nStacktrace:\n0   chromedriver                        0x0000000105503418 cxxbridge1$str$ptr + 2882044\n1   chromedriver                        0x00000001054fb3b4 cxxbridge1$str$ptr + 2849176\n2   chromedriver                        0x0000000105025050 _RNvCslE4myv9Sbr3_7___rustc35___rust_no_alloc_shim_is_unstable_v2 + 73436\n3   chromedriver                        0x000000010506c410 _RNvCslE4myv9Sbr3_7___rustc35___rust_no_alloc_shim_is_unstable_v2 + 365212\n4   chromedriver                        0x00000001050ad604 _RNvCslE4myv9Sbr3_7___rustc35___rust_no_alloc_shim_is_unstable_v2 + 631952\n5   chromedriver                        0x00000001050600d0 _RNvCslE4myv9Sbr3_7___rustc35___rust_no_alloc_shim_is_unstable_v2 + 315228\n6   chromedriver                        0x00000001054c7b08 cxxbridge1$str$ptr + 2638060\n7   chromedriver                        0x00000001054cad20 cxxbridge1$str$ptr + 2650884\n8   chromedriver                        0x00000001054a8e58 cxxbridge1$str$ptr + 2511932\n9   chromedriver                        0x00000001054cb5cc cxxbridge1$str$ptr + 2653104\n10  chromedriver                        0x000000010549a59c cxxbridge1$str$ptr + 2452352\n11  chromedriver                        0x00000001054ea9f0 cxxbridge1$str$ptr + 2781140\n12  chromedriver                        0x00000001054eab70 cxxbridge1$str$ptr + 2781524\n13  chromedriver                        0x00000001054fb000 cxxbridge1$str$ptr + 2848228\n14  libsystem_pthread.dylib             0x0000000187077bc8 _pthread_start + 136\n15  libsystem_pthread.dylib             0x0000000187072b80 thread_start + 8\n\n", "trace": "  File \"/Users/gulcandogan/selenium-hrai/tests/test_login_page.py\", line 47, in test_logout\n    profile_menu = WebDriverWait(driver, 5).until(\n        EC.element_to_be_clickable((By.CSS_SELECTOR, \".dropdown-toggle\"))\n    )\n  File \"/Users/gulcandogan/selenium-hrai/venv/lib/python3.13/site-packages/selenium/webdriver/support/wait.py\", line 138, in until\n    raise TimeoutException(message, screen, stacktrace)\n"}, "start": 1758452049008, "stop": 1758452055591}], "attachments": [{"name": "Screenshot", "source": "2258de79-c272-4a80-998b-6f9b141359b7-attachment.png", "type": "image/png"}], "start": 1758452048188, "stop": 1758452055593, "uuid": "b334c402-63a1-4b3b-8110-8b0578ca14cf", "historyId": "38e5a0b5d77b00ca4b168c6408aa4d27", "testCaseId": "38e5a0b5d77b00ca4b168c6408aa4d27", "fullName": "tests.test_login_page#test_logout", "labels": [{"name": "severity", "value": "normal"}, {"name": "story", "value": "Logout"}, {"name": "feature", "value": "Login"}, {"name": "parentSuite", "value": "tests"}, {"name": "suite", "value": "test_login_page"}, {"name": "host", "value": "Gulcan-MacBook-Air.local"}, {"name": "thread", "value": "67171-MainThread"}, {"name": "framework", "value": "pytest"}, {"name": "language", "value": "cpython3"}, {"name": "package", "value": "tests.test_login_page"}], "titlePath": ["tests", "test_login_page.py"]}