{"name": "test_logout", "status": "broken", "statusDetails": {"message": "selenium.common.exceptions.ElementNotInteractableException: Message: element not interactable\n  (Session info: chrome=140.0.7339.186); For documentation on this error, please visit: https://www.selenium.dev/documentation/webdriver/troubleshooting/errors#elementnotinteractableexception\nStacktrace:\n0   chromedriver                        0x00000001013fb418 cxxbridge1$str$ptr + 2882044\n1   chromedriver                        0x00000001013f33b4 cxxbridge1$str$ptr + 2849176\n2   chromedriver                        0x0000000100f1cec4 _RNvCslE4myv9Sbr3_7___rustc35___rust_no_alloc_shim_is_unstable_v2 + 73040\n3   chromedriver                        0x0000000100f6542c _RNvCslE4myv9Sbr3_7___rustc35___rust_no_alloc_shim_is_unstable_v2 + 369336\n4   chromedriver                        0x0000000100f5a220 _RNvCslE4myv9Sbr3_7___rustc35___rust_no_alloc_shim_is_unstable_v2 + 323756\n5   chromedriver                        0x0000000100f59cac _RNvCslE4myv9Sbr3_7___rustc35___rust_no_alloc_shim_is_unstable_v2 + 322360\n6   chromedriver                        0x0000000100fa5604 _RNvCslE4myv9Sbr3_7___rustc35___rust_no_alloc_shim_is_unstable_v2 + 631952\n7   chromedriver                        0x0000000100f580d0 _RNvCslE4myv9Sbr3_7___rustc35___rust_no_alloc_shim_is_unstable_v2 + 315228\n8   chromedriver                        0x00000001013bfb08 cxxbridge1$str$ptr + 2638060\n9   chromedriver                        0x00000001013c2d20 cxxbridge1$str$ptr + 2650884\n10  chromedriver                        0x00000001013a0e58 cxxbridge1$str$ptr + 2511932\n11  chromedriver                        0x00000001013c35cc cxxbridge1$str$ptr + 2653104\n12  chromedriver                        0x000000010139259c cxxbridge1$str$ptr + 2452352\n13  chromedriver                        0x00000001013e29f0 cxxbridge1$str$ptr + 2781140\n14  chromedriver                        0x00000001013e2b70 cxxbridge1$str$ptr + 2781524\n15  chromedriver                        0x00000001013f3000 cxxbridge1$str$ptr + 2848228\n16  libsystem_pthread.dylib             0x0000000187077bc8 _pthread_start + 136\n17  libsystem_pthread.dylib             0x0000000187072b80 thread_start + 8", "trace": "driver = <selenium.webdriver.chrome.webdriver.WebDriver (session=\"76e3548c59b858d98ede1da925f79cfd\")>\nbase_url = 'https://hrai.com.tr'\n\n    @allure.feature(\"Login\")\n    @allure.story(\"Logout\")\n    @allure.severity(allure.severity_level.NORMAL)\n    def test_logout(driver, base_url):\n        driver.get(f\"{base_url}/Login/Index/\")\n        driver.find_element(By.ID, \"Username\").send_keys(os.getenv(\"USERNAME\"))\n        driver.find_element(By.ID, \"passwordField\").send_keys(os.getenv(\"PASSWORD\"))\n        driver.find_element(By.CSS_SELECTOR, \"button[type='submit']\").click()\n    \n        with allure.step(\"Çıkış yap butonuna tıkla\"):\n>           driver.find_element(By.CSS_SELECTOR, \"form#logoutForm button[type='submit']\").click()\n\ntests/test_login_page.py:51: \n_ _ _ _ _ _ _ _ _ _ _ _ _ _ _ _ _ _ _ _ _ _ _ _ _ _ _ _ _ _ _ _ _ _ _ _ _ _ _ _ \nvenv/lib/python3.13/site-packages/selenium/webdriver/remote/webelement.py:120: in click\n    self._execute(Command.CLICK_ELEMENT)\nvenv/lib/python3.13/site-packages/selenium/webdriver/remote/webelement.py:573: in _execute\n    return self._parent.execute(command, params)\n           ^^^^^^^^^^^^^^^^^^^^^^^^^^^^^^^^^^^^^\nvenv/lib/python3.13/site-packages/selenium/webdriver/remote/webdriver.py:458: in execute\n    self.error_handler.check_response(response)\n_ _ _ _ _ _ _ _ _ _ _ _ _ _ _ _ _ _ _ _ _ _ _ _ _ _ _ _ _ _ _ _ _ _ _ _ _ _ _ _ \n\nself = <selenium.webdriver.remote.errorhandler.ErrorHandler object at 0x104f61480>\nresponse = {'status': 400, 'value': '{\"value\":{\"error\":\"element not interactable\",\"message\":\"element not interactable\\\\n  (Sessio...000187077bc8 _pthread_start + 136\\\\n17  libsystem_pthread.dylib             0x0000000187072b80 thread_start + 8\\\\n\"}}'}\n\n    def check_response(self, response: dict[str, Any]) -> None:\n        \"\"\"Checks that a JSON response from the WebDriver does not have an\n        error.\n    \n        :Args:\n         - response - The JSON response from the WebDriver server as a dictionary\n           object.\n    \n        :Raises: If the response contains an error message.\n        \"\"\"\n        status = response.get(\"status\", None)\n        if not status or status == ErrorCode.SUCCESS:\n            return\n        value = None\n        message = response.get(\"message\", \"\")\n        screen: str = response.get(\"screen\", \"\")\n        stacktrace = None\n        if isinstance(status, int):\n            value_json = response.get(\"value\", None)\n            if value_json and isinstance(value_json, str):\n                try:\n                    value = json.loads(value_json)\n                    if isinstance(value, dict):\n                        if len(value) == 1:\n                            value = value[\"value\"]\n                        status = value.get(\"error\", None)\n                        if not status:\n                            status = value.get(\"status\", ErrorCode.UNKNOWN_ERROR)\n                            message = value.get(\"value\") or value.get(\"message\")\n                            if not isinstance(message, str):\n                                value = message\n                                message = message.get(\"message\")\n                        else:\n                            message = value.get(\"message\", None)\n                except ValueError:\n                    pass\n    \n        exception_class: type[WebDriverException]\n        e = ErrorCode()\n        error_codes = [item for item in dir(e) if not item.startswith(\"__\")]\n        for error_code in error_codes:\n            error_info = getattr(ErrorCode, error_code)\n            if isinstance(error_info, list) and status in error_info:\n                exception_class = getattr(ExceptionMapping, error_code, WebDriverException)\n                break\n        else:\n            exception_class = WebDriverException\n    \n        if not value:\n            value = response[\"value\"]\n        if isinstance(value, str):\n            raise exception_class(value)\n        if message == \"\" and \"message\" in value:\n            message = value[\"message\"]\n    \n        screen = None  # type: ignore[assignment]\n        if \"screen\" in value:\n            screen = value[\"screen\"]\n    \n        stacktrace = None\n        st_value = value.get(\"stackTrace\") or value.get(\"stacktrace\")\n        if st_value:\n            if isinstance(st_value, str):\n                stacktrace = st_value.split(\"\\n\")\n            else:\n                stacktrace = []\n                try:\n                    for frame in st_value:\n                        line = frame.get(\"lineNumber\", \"\")\n                        file = frame.get(\"fileName\", \"<anonymous>\")\n                        if line:\n                            file = f\"{file}:{line}\"\n                        meth = frame.get(\"methodName\", \"<anonymous>\")\n                        if \"className\" in frame:\n                            meth = f\"{frame['className']}.{meth}\"\n                        msg = \"    at %s (%s)\"\n                        msg = msg % (meth, file)\n                        stacktrace.append(msg)\n                except TypeError:\n                    pass\n        if exception_class == UnexpectedAlertPresentException:\n            alert_text = None\n            if \"data\" in value:\n                alert_text = value[\"data\"].get(\"text\")\n            elif \"alert\" in value:\n                alert_text = value[\"alert\"].get(\"text\")\n            raise exception_class(message, screen, stacktrace, alert_text)  # type: ignore[call-arg]  # mypy is not smart enough here\n>       raise exception_class(message, screen, stacktrace)\nE       selenium.common.exceptions.ElementNotInteractableException: Message: element not interactable\nE         (Session info: chrome=140.0.7339.186); For documentation on this error, please visit: https://www.selenium.dev/documentation/webdriver/troubleshooting/errors#elementnotinteractableexception\nE       Stacktrace:\nE       0   chromedriver                        0x00000001013fb418 cxxbridge1$str$ptr + 2882044\nE       1   chromedriver                        0x00000001013f33b4 cxxbridge1$str$ptr + 2849176\nE       2   chromedriver                        0x0000000100f1cec4 _RNvCslE4myv9Sbr3_7___rustc35___rust_no_alloc_shim_is_unstable_v2 + 73040\nE       3   chromedriver                        0x0000000100f6542c _RNvCslE4myv9Sbr3_7___rustc35___rust_no_alloc_shim_is_unstable_v2 + 369336\nE       4   chromedriver                        0x0000000100f5a220 _RNvCslE4myv9Sbr3_7___rustc35___rust_no_alloc_shim_is_unstable_v2 + 323756\nE       5   chromedriver                        0x0000000100f59cac _RNvCslE4myv9Sbr3_7___rustc35___rust_no_alloc_shim_is_unstable_v2 + 322360\nE       6   chromedriver                        0x0000000100fa5604 _RNvCslE4myv9Sbr3_7___rustc35___rust_no_alloc_shim_is_unstable_v2 + 631952\nE       7   chromedriver                        0x0000000100f580d0 _RNvCslE4myv9Sbr3_7___rustc35___rust_no_alloc_shim_is_unstable_v2 + 315228\nE       8   chromedriver                        0x00000001013bfb08 cxxbridge1$str$ptr + 2638060\nE       9   chromedriver                        0x00000001013c2d20 cxxbridge1$str$ptr + 2650884\nE       10  chromedriver                        0x00000001013a0e58 cxxbridge1$str$ptr + 2511932\nE       11  chromedriver                        0x00000001013c35cc cxxbridge1$str$ptr + 2653104\nE       12  chromedriver                        0x000000010139259c cxxbridge1$str$ptr + 2452352\nE       13  chromedriver                        0x00000001013e29f0 cxxbridge1$str$ptr + 2781140\nE       14  chromedriver                        0x00000001013e2b70 cxxbridge1$str$ptr + 2781524\nE       15  chromedriver                        0x00000001013f3000 cxxbridge1$str$ptr + 2848228\nE       16  libsystem_pthread.dylib             0x0000000187077bc8 _pthread_start + 136\nE       17  libsystem_pthread.dylib             0x0000000187072b80 thread_start + 8\n\nvenv/lib/python3.13/site-packages/selenium/webdriver/remote/errorhandler.py:232: ElementNotInteractableException"}, "steps": [{"name": "Çıkış yap butonuna tıkla", "status": "broken", "statusDetails": {"message": "selenium.common.exceptions.ElementNotInteractableException: Message: element not interactable\n  (Session info: chrome=140.0.7339.186); For documentation on this error, please visit: https://www.selenium.dev/documentation/webdriver/troubleshooting/errors#elementnotinteractableexception\nStacktrace:\n0   chromedriver                        0x00000001013fb418 cxxbridge1$str$ptr + 2882044\n1   chromedriver                        0x00000001013f33b4 cxxbridge1$str$ptr + 2849176\n2   chromedriver                        0x0000000100f1cec4 _RNvCslE4myv9Sbr3_7___rustc35___rust_no_alloc_shim_is_unstable_v2 + 73040\n3   chromedriver                        0x0000000100f6542c _RNvCslE4myv9Sbr3_7___rustc35___rust_no_alloc_shim_is_unstable_v2 + 369336\n4   chromedriver                        0x0000000100f5a220 _RNvCslE4myv9Sbr3_7___rustc35___rust_no_alloc_shim_is_unstable_v2 + 323756\n5   chromedriver                        0x0000000100f59cac _RNvCslE4myv9Sbr3_7___rustc35___rust_no_alloc_shim_is_unstable_v2 + 322360\n6   chromedriver                        0x0000000100fa5604 _RNvCslE4myv9Sbr3_7___rustc35___rust_no_alloc_shim_is_unstable_v2 + 631952\n7   chromedriver                        0x0000000100f580d0 _RNvCslE4myv9Sbr3_7___rustc35___rust_no_alloc_shim_is_unstable_v2 + 315228\n8   chromedriver                        0x00000001013bfb08 cxxbridge1$str$ptr + 2638060\n9   chromedriver                        0x00000001013c2d20 cxxbridge1$str$ptr + 2650884\n10  chromedriver                        0x00000001013a0e58 cxxbridge1$str$ptr + 2511932\n11  chromedriver                        0x00000001013c35cc cxxbridge1$str$ptr + 2653104\n12  chromedriver                        0x000000010139259c cxxbridge1$str$ptr + 2452352\n13  chromedriver                        0x00000001013e29f0 cxxbridge1$str$ptr + 2781140\n14  chromedriver                        0x00000001013e2b70 cxxbridge1$str$ptr + 2781524\n15  chromedriver                        0x00000001013f3000 cxxbridge1$str$ptr + 2848228\n16  libsystem_pthread.dylib             0x0000000187077bc8 _pthread_start + 136\n17  libsystem_pthread.dylib             0x0000000187072b80 thread_start + 8\n\n", "trace": "  File \"/Users/gulcandogan/selenium-hrai/tests/test_login_page.py\", line 51, in test_logout\n    driver.find_element(By.CSS_SELECTOR, \"form#logoutForm button[type='submit']\").click()\n    ~~~~~~~~~~~~~~~~~~~~~~~~~~~~~~~~~~~~~~~~~~~~~~~~~~~~~~~~~~~~~~~~~~~~~~~~~~~~~~~~~~~^^\n  File \"/Users/gulcandogan/selenium-hrai/venv/lib/python3.13/site-packages/selenium/webdriver/remote/webelement.py\", line 120, in click\n    self._execute(Command.CLICK_ELEMENT)\n    ~~~~~~~~~~~~~^^^^^^^^^^^^^^^^^^^^^^^\n  File \"/Users/gulcandogan/selenium-hrai/venv/lib/python3.13/site-packages/selenium/webdriver/remote/webelement.py\", line 573, in _execute\n    return self._parent.execute(command, params)\n           ~~~~~~~~~~~~~~~~~~~~^^^^^^^^^^^^^^^^^\n  File \"/Users/gulcandogan/selenium-hrai/venv/lib/python3.13/site-packages/selenium/webdriver/remote/webdriver.py\", line 458, in execute\n    self.error_handler.check_response(response)\n    ~~~~~~~~~~~~~~~~~~~~~~~~~~~~~~~~~^^^^^^^^^^\n  File \"/Users/gulcandogan/selenium-hrai/venv/lib/python3.13/site-packages/selenium/webdriver/remote/errorhandler.py\", line 232, in check_response\n    raise exception_class(message, screen, stacktrace)\n"}, "start": 1758451834399, "stop": 1758451838236}], "attachments": [{"name": "Screenshot", "source": "3cb062b9-ec41-422b-aa04-57b7dab525f0-attachment.png", "type": "image/png"}], "start": 1758451833666, "stop": 1758451838239, "uuid": "575cc8cd-037b-452d-a710-3090fba63a1a", "historyId": "38e5a0b5d77b00ca4b168c6408aa4d27", "testCaseId": "38e5a0b5d77b00ca4b168c6408aa4d27", "fullName": "tests.test_login_page#test_logout", "labels": [{"name": "severity", "value": "normal"}, {"name": "feature", "value": "Login"}, {"name": "story", "value": "Logout"}, {"name": "parentSuite", "value": "tests"}, {"name": "suite", "value": "test_login_page"}, {"name": "host", "value": "Gulcan-MacBook-Air.local"}, {"name": "thread", "value": "66461-MainThread"}, {"name": "framework", "value": "pytest"}, {"name": "language", "value": "cpython3"}, {"name": "package", "value": "tests.test_login_page"}], "titlePath": ["tests", "test_login_page.py"]}